<?xml version="1.0" encoding="UTF-8" ?>
<testsuite failures="0" time="0.035" errors="0" skipped="0" tests="18" name="com.hireme.bowling.TestScoreCard">
  <properties>
    <property name="java.runtime.name" value="OpenJDK Runtime Environment"/>
    <property name="sun.boot.library.path" value="/usr/lib/jvm/java-6-openjdk/jre/lib/amd64"/>
    <property name="java.vm.version" value="20.0-b11"/>
    <property name="java.vm.vendor" value="Sun Microsystems Inc."/>
    <property name="java.vendor.url" value="http://java.sun.com/"/>
    <property name="path.separator" value=":"/>
    <property name="java.vm.name" value="OpenJDK 64-Bit Server VM"/>
    <property name="file.encoding.pkg" value="sun.io"/>
    <property name="user.country" value="US"/>
    <property name="sun.java.launcher" value="SUN_STANDARD"/>
    <property name="sun.os.patch.level" value="unknown"/>
    <property name="java.vm.specification.name" value="Java Virtual Machine Specification"/>
    <property name="user.dir" value="/home/jim/code/git-repos/bowling"/>
    <property name="java.runtime.version" value="1.6.0_22-b22"/>
    <property name="java.awt.graphicsenv" value="sun.awt.X11GraphicsEnvironment"/>
    <property name="basedir" value="/home/jim/code/git-repos/bowling"/>
    <property name="java.endorsed.dirs" value="/usr/lib/jvm/java-6-openjdk/jre/lib/endorsed"/>
    <property name="os.arch" value="amd64"/>
    <property name="surefire.real.class.path" value="/tmp/surefirebooter2172343525057593351.jar"/>
    <property name="java.io.tmpdir" value="/tmp"/>
    <property name="line.separator" value="
"/>
    <property name="java.vm.specification.vendor" value="Sun Microsystems Inc."/>
    <property name="os.name" value="Linux"/>
    <property name="sun.jnu.encoding" value="UTF-8"/>
    <property name="java.library.path" value="/usr/lib/jvm/java-6-openjdk/jre/lib/amd64/server:/usr/lib/jvm/java-6-openjdk/jre/lib/amd64:/usr/lib/jvm/java-6-openjdk/jre/../lib/amd64:/usr/java/packages/lib/amd64:/usr/lib/x86_64-linux-gnu/jni:/lib/x86_64-linux-gnu:/usr/lib/x86_64-linux-gnu:/usr/lib/jni:/lib:/usr/lib"/>
    <property name="surefire.test.class.path" value="/home/jim/code/git-repos/bowling/target/test-classes:/home/jim/code/git-repos/bowling/target/classes:/home/jim/.m2/repository/junit/junit/4.3.1/junit-4.3.1.jar:/home/jim/.m2/repository/com/googlecode/efficient-java-matrix-library/ejml/0.16/ejml-0.16.jar:"/>
    <property name="java.specification.name" value="Java Platform API Specification"/>
    <property name="java.class.version" value="50.0"/>
    <property name="sun.management.compiler" value="HotSpot 64-Bit Tiered Compilers"/>
    <property name="os.version" value="2.6.38-8-generic"/>
    <property name="user.home" value="/home/jim"/>
    <property name="user.timezone" value=""/>
    <property name="java.awt.printerjob" value="sun.print.PSPrinterJob"/>
    <property name="file.encoding" value="UTF-8"/>
    <property name="java.specification.version" value="1.6"/>
    <property name="user.name" value="jim"/>
    <property name="java.class.path" value="/home/jim/code/git-repos/bowling/target/test-classes:/home/jim/code/git-repos/bowling/target/classes:/home/jim/.m2/repository/junit/junit/4.3.1/junit-4.3.1.jar:/home/jim/.m2/repository/com/googlecode/efficient-java-matrix-library/ejml/0.16/ejml-0.16.jar:"/>
    <property name="java.vm.specification.version" value="1.0"/>
    <property name="sun.arch.data.model" value="64"/>
    <property name="java.home" value="/usr/lib/jvm/java-6-openjdk/jre"/>
    <property name="sun.java.command" value="/tmp/surefirebooter2172343525057593351.jar /tmp/surefire5745349266603609025tmp /tmp/surefire8028752143818129453tmp"/>
    <property name="java.specification.vendor" value="Sun Microsystems Inc."/>
    <property name="user.language" value="en"/>
    <property name="java.vm.info" value="mixed mode"/>
    <property name="java.version" value="1.6.0_22"/>
    <property name="java.ext.dirs" value="/usr/lib/jvm/java-6-openjdk/jre/lib/ext:/usr/java/packages/lib/ext"/>
    <property name="sun.boot.class.path" value="/usr/lib/jvm/java-6-openjdk/jre/lib/resources.jar:/usr/lib/jvm/java-6-openjdk/jre/lib/rt.jar:/usr/lib/jvm/java-6-openjdk/jre/lib/sunrsasign.jar:/usr/lib/jvm/java-6-openjdk/jre/lib/jsse.jar:/usr/lib/jvm/java-6-openjdk/jre/lib/jce.jar:/usr/lib/jvm/java-6-openjdk/jre/lib/charsets.jar:/usr/lib/jvm/java-6-openjdk/jre/lib/netx.jar:/usr/lib/jvm/java-6-openjdk/jre/lib/plugin.jar:/usr/lib/jvm/java-6-openjdk/jre/lib/rhino.jar:/usr/lib/jvm/java-6-openjdk/jre/lib/modules/jdk.boot.jar:/usr/lib/jvm/java-6-openjdk/jre/classes"/>
    <property name="java.vendor" value="Sun Microsystems Inc."/>
    <property name="localRepository" value="/home/jim/.m2/repository"/>
    <property name="file.separator" value="/"/>
    <property name="java.vendor.url.bug" value="http://java.sun.com/cgi-bin/bugreport.cgi"/>
    <property name="sun.cpu.endian" value="little"/>
    <property name="sun.io.unicode.encoding" value="UnicodeLittle"/>
    <property name="sun.desktop" value="gnome"/>
    <property name="sun.cpu.isalist" value=""/>
  </properties>
  <testcase time="0.01" classname="com.hireme.bowling.TestScoreCard" name="testScoreCard[0]"/>
  <testcase time="0" classname="com.hireme.bowling.TestScoreCard" name="testScoreCard[1]"/>
  <testcase time="0" classname="com.hireme.bowling.TestScoreCard" name="testScoreCard[2]"/>
  <testcase time="0.001" classname="com.hireme.bowling.TestScoreCard" name="testScoreCard[3]"/>
  <testcase time="0" classname="com.hireme.bowling.TestScoreCard" name="testScoreCard[4]"/>
  <testcase time="0.001" classname="com.hireme.bowling.TestScoreCard" name="testScoreCard[5]"/>
  <testcase time="0.001" classname="com.hireme.bowling.TestScoreCard" name="testScoreCard[6]"/>
  <testcase time="0" classname="com.hireme.bowling.TestScoreCard" name="testScoreCard[7]"/>
  <testcase time="0" classname="com.hireme.bowling.TestScoreCard" name="testScoreCard[8]"/>
  <testcase time="0" classname="com.hireme.bowling.TestScoreCard" name="testScoreCard[9]"/>
  <testcase time="0.001" classname="com.hireme.bowling.TestScoreCard" name="testScoreCard[10]"/>
  <testcase time="0.001" classname="com.hireme.bowling.TestScoreCard" name="testScoreCard[11]"/>
  <testcase time="0" classname="com.hireme.bowling.TestScoreCard" name="testScoreCard[12]"/>
  <testcase time="0" classname="com.hireme.bowling.TestScoreCard" name="testScoreCard[13]"/>
  <testcase time="0" classname="com.hireme.bowling.TestScoreCard" name="testScoreCard[14]"/>
  <testcase time="0.001" classname="com.hireme.bowling.TestScoreCard" name="testScoreCard[15]"/>
  <testcase time="0.001" classname="com.hireme.bowling.TestScoreCard" name="testScoreCard[16]"/>
  <testcase time="0.001" classname="com.hireme.bowling.TestScoreCard" name="testScoreCard[17]"/>
</testsuite>